TN:
SF:controllers\PetController.js
FN:10,(anonymous_0)
FN:70,(anonymous_1)
FN:87,(anonymous_2)
FN:96,(anonymous_3)
FN:109,(anonymous_4)
FN:122,(anonymous_5)
FN:145,(anonymous_6)
FN:180,(anonymous_7)
FN:246,(anonymous_8)
FN:266,(anonymous_9)
FN:312,(anonymous_10)
FNF:11
FNH:2
FNDA:1,(anonymous_0)
FNDA:0,(anonymous_1)
FNDA:1,(anonymous_2)
FNDA:0,(anonymous_3)
FNDA:0,(anonymous_4)
FNDA:0,(anonymous_5)
FNDA:0,(anonymous_6)
FNDA:0,(anonymous_7)
FNDA:0,(anonymous_8)
FNDA:0,(anonymous_9)
FNDA:0,(anonymous_10)
DA:1,1
DA:4,1
DA:5,1
DA:6,1
DA:8,1
DA:11,1
DA:12,1
DA:13,1
DA:14,1
DA:15,1
DA:16,1
DA:17,1
DA:20,1
DA:24,1
DA:25,1
DA:26,1
DA:29,0
DA:30,0
DA:31,0
DA:34,0
DA:35,0
DA:36,0
DA:39,0
DA:40,0
DA:41,0
DA:44,0
DA:45,0
DA:46,0
DA:50,0
DA:51,0
DA:54,0
DA:70,0
DA:71,0
DA:74,0
DA:75,0
DA:77,0
DA:82,0
DA:88,1
DA:90,1
DA:98,0
DA:99,0
DA:101,0
DA:103,0
DA:111,0
DA:112,0
DA:114,0
DA:116,0
DA:123,0
DA:126,0
DA:127,0
DA:128,0
DA:132,0
DA:134,0
DA:135,0
DA:136,0
DA:139,0
DA:146,0
DA:149,0
DA:150,0
DA:151,0
DA:155,0
DA:157,0
DA:158,0
DA:159,0
DA:163,0
DA:164,0
DA:166,0
DA:167,0
DA:171,0
DA:174,0
DA:176,0
DA:181,0
DA:182,0
DA:183,0
DA:184,0
DA:185,0
DA:186,0
DA:187,0
DA:188,0
DA:190,0
DA:193,0
DA:195,0
DA:196,0
DA:197,0
DA:201,0
DA:202,0
DA:204,0
DA:205,0
DA:209,0
DA:213,0
DA:214,0
DA:215,0
DA:217,0
DA:220,0
DA:221,0
DA:222,0
DA:224,0
DA:227,0
DA:228,0
DA:229,0
DA:231,0
DA:234,0
DA:235,0
DA:236,0
DA:238,0
DA:241,0
DA:242,0
DA:243,0
DA:245,0
DA:246,0
DA:247,0
DA:251,0
DA:252,0
DA:253,0
DA:255,0
DA:258,0
DA:260,0
DA:262,0
DA:267,0
DA:270,0
DA:273,0
DA:274,0
DA:276,0
DA:278,0
DA:279,0
DA:282,0
DA:286,0
DA:287,0
DA:288,0
DA:291,0
DA:296,0
DA:302,0
DA:304,0
DA:306,0
DA:313,0
DA:316,0
DA:318,0
DA:320,0
DA:322,0
LF:139
LH:18
BRDA:24,0,0,1
BRDA:24,0,1,0
BRDA:29,1,0,0
BRDA:29,1,1,0
BRDA:34,2,0,0
BRDA:34,2,1,0
BRDA:39,3,0,0
BRDA:39,3,1,0
BRDA:44,4,0,0
BRDA:44,4,1,0
BRDA:126,5,0,0
BRDA:126,5,1,0
BRDA:134,6,0,0
BRDA:134,6,1,0
BRDA:149,7,0,0
BRDA:149,7,1,0
BRDA:157,8,0,0
BRDA:157,8,1,0
BRDA:166,9,0,0
BRDA:166,9,1,0
BRDA:195,10,0,0
BRDA:195,10,1,0
BRDA:204,11,0,0
BRDA:204,11,1,0
BRDA:213,12,0,0
BRDA:213,12,1,0
BRDA:220,13,0,0
BRDA:220,13,1,0
BRDA:227,14,0,0
BRDA:227,14,1,0
BRDA:234,15,0,0
BRDA:234,15,1,0
BRDA:241,16,0,0
BRDA:241,16,1,0
BRDA:251,17,0,0
BRDA:251,17,1,0
BRDA:278,18,0,0
BRDA:278,18,1,0
BRDA:286,19,0,0
BRDA:286,19,1,0
BRDA:287,20,0,0
BRDA:287,20,1,0
BRF:42
BRH:1
end_of_record
TN:
SF:controllers\UserController.js
FN:13,(anonymous_0)
FN:82,(anonymous_1)
FN:115,(anonymous_2)
FN:134,(anonymous_3)
FN:147,(anonymous_4)
FNF:5
FNH:0
FNDA:0,(anonymous_0)
FNDA:0,(anonymous_1)
FNDA:0,(anonymous_2)
FNDA:0,(anonymous_3)
FNDA:0,(anonymous_4)
DA:1,1
DA:2,1
DA:4,1
DA:7,1
DA:8,1
DA:9,1
DA:10,1
DA:12,1
DA:14,0
DA:15,0
DA:16,0
DA:17,0
DA:18,0
DA:21,0
DA:22,0
DA:23,0
DA:26,0
DA:27,0
DA:28,0
DA:31,0
DA:32,0
DA:33,0
DA:36,0
DA:37,0
DA:38,0
DA:41,0
DA:42,0
DA:43,0
DA:46,0
DA:47,0
DA:50,0
DA:54,0
DA:56,0
DA:57,0
DA:58,0
DA:62,0
DA:63,0
DA:66,0
DA:73,0
DA:74,0
DA:76,0
DA:78,0
DA:83,0
DA:84,0
DA:86,0
DA:87,0
DA:88,0
DA:91,0
DA:92,0
DA:93,0
DA:97,0
DA:99,0
DA:100,0
DA:106,0
DA:108,0
DA:109,0
DA:112,0
DA:118,0
DA:120,0
DA:121,0
DA:122,0
DA:124,0
DA:126,0
DA:128,0
DA:131,0
DA:135,0
DA:137,0
DA:139,0
DA:140,0
DA:141,0
DA:144,0
DA:148,0
DA:152,0
DA:158,0
DA:159,0
DA:160,0
DA:161,0
DA:162,0
DA:164,0
DA:166,0
DA:167,0
DA:171,0
DA:172,0
DA:173,0
DA:176,0
DA:178,0
DA:179,0
DA:180,0
DA:184,0
DA:186,0
DA:187,0
DA:188,0
DA:191,0
DA:193,0
DA:194,0
DA:195,0
DA:198,0
DA:199,0
DA:200,0
DA:203,0
DA:206,0
DA:207,0
DA:210,0
DA:212,0
DA:213,0
DA:215,0
DA:217,0
DA:220,0
DA:222,0
DA:227,0
DA:232,0
LF:111
LH:8
BRDA:21,0,0,0
BRDA:21,0,1,0
BRDA:26,1,0,0
BRDA:26,1,1,0
BRDA:31,2,0,0
BRDA:31,2,1,0
BRDA:36,3,0,0
BRDA:36,3,1,0
BRDA:41,4,0,0
BRDA:41,4,1,0
BRDA:46,5,0,0
BRDA:46,5,1,0
BRDA:56,6,0,0
BRDA:56,6,1,0
BRDA:86,7,0,0
BRDA:86,7,1,0
BRDA:91,8,0,0
BRDA:91,8,1,0
BRDA:99,9,0,0
BRDA:99,9,1,0
BRDA:108,10,0,0
BRDA:108,10,1,0
BRDA:120,11,0,0
BRDA:120,11,1,0
BRDA:139,12,0,0
BRDA:139,12,1,0
BRDA:166,13,0,0
BRDA:166,13,1,0
BRDA:171,14,0,0
BRDA:171,14,1,0
BRDA:178,15,0,0
BRDA:178,15,1,0
BRDA:186,16,0,0
BRDA:186,16,1,0
BRDA:186,17,0,0
BRDA:186,17,1,0
BRDA:193,18,0,0
BRDA:193,18,1,0
BRDA:198,19,0,0
BRDA:198,19,1,0
BRDA:206,20,0,0
BRDA:206,20,1,0
BRDA:210,21,0,0
BRDA:210,21,1,0
BRDA:210,22,0,0
BRDA:210,22,1,0
BRF:46
BRH:0
end_of_record
TN:
SF:helpers\check-token.js
FN:4,(anonymous_0)
FNF:1
FNH:1
FNDA:2,(anonymous_0)
DA:1,1
DA:4,1
DA:5,2
DA:6,2
DA:8,2
DA:10,1
DA:11,1
DA:12,1
DA:13,1
DA:15,0
DA:19,1
LF:11
LH:10
BRDA:6,0,0,2
BRDA:6,0,1,1
BRDA:8,1,0,1
BRDA:8,1,1,1
BRF:4
BRH:4
end_of_record
TN:
SF:helpers\create-user-token.js
FN:3,(anonymous_0)
FNF:1
FNH:0
FNDA:0,(anonymous_0)
DA:1,1
DA:3,1
DA:4,0
DA:14,0
DA:21,1
LF:5
LH:3
BRF:0
BRH:0
end_of_record
TN:
SF:helpers\get-token.js
FN:2,(anonymous_0)
FNF:1
FNH:0
FNDA:0,(anonymous_0)
DA:2,1
DA:3,0
DA:4,0
DA:6,0
DA:9,1
LF:5
LH:2
BRDA:4,0,0,0
BRDA:4,0,1,0
BRF:2
BRH:0
end_of_record
TN:
SF:helpers\get-tokens.js
FN:1,(anonymous_0)
FNF:1
FNH:0
FNDA:0,(anonymous_0)
DA:1,0
DA:2,0
DA:3,0
DA:4,0
DA:8,0
LF:5
LH:0
BRF:0
BRH:0
end_of_record
TN:
SF:helpers\get-user-by-token.js
FN:6,(anonymous_0)
FNF:1
FNH:0
FNDA:0,(anonymous_0)
DA:1,1
DA:3,1
DA:6,1
DA:7,0
DA:10,0
DA:12,0
DA:14,0
DA:16,0
DA:19,1
LF:9
LH:4
BRDA:7,0,0,0
BRDA:7,0,1,0
BRF:2
BRH:0
end_of_record
TN:
SF:helpers\image-upload.js
FN:6,(anonymous_0)
FN:18,(anonymous_1)
FN:25,(anonymous_2)
FNF:3
FNH:0
FNDA:0,(anonymous_0)
FNDA:0,(anonymous_1)
FNDA:0,(anonymous_2)
DA:1,1
DA:2,1
DA:5,1
DA:7,0
DA:9,0
DA:11,0
DA:12,0
DA:13,0
DA:14,0
DA:16,0
DA:19,0
DA:23,1
DA:26,0
DA:28,0
DA:30,0
DA:34,1
LF:16
LH:5
BRDA:11,0,0,0
BRDA:11,0,1,0
BRDA:13,1,0,0
BRDA:13,1,1,0
BRDA:26,2,0,0
BRDA:26,2,1,0
BRF:6
BRH:0
end_of_record
TN:
SF:models\Pet.js
FNF:0
FNH:0
DA:1,1
DA:2,1
DA:4,1
DA:38,1
LF:4
LH:4
BRF:0
BRH:0
end_of_record
TN:
SF:models\User.js
FNF:0
FNH:0
DA:1,1
DA:2,1
DA:4,1
DA:28,1
LF:4
LH:4
BRF:0
BRH:0
end_of_record
